Start testing: Jun 01 20:06 MSK
----------------------------------------------------------
1/1 Testing: runTests
1/1 Test: runTests
Command: "/Users/eeleexx/This_is_fine_client/this-is-fine-client/build/runTests"
Directory: /Users/eeleexx/This_is_fine_client/this-is-fine-client/build
"runTests" start time: Jun 01 20:06 MSK
Output:
----------------------------------------------------------
[==========] Running 2 tests from 1 test suite.
[----------] Global test environment set-up.
[----------] 2 tests from MainWindowTest
[ RUN      ] MainWindowTest.Constructor
qt.qpa.fonts: Populating font family aliases took 58 ms. Replace uses of missing font family "Montserrat" with one that exists to avoid this cost. 
[       OK ] MainWindowTest.Constructor (398 ms)
[ RUN      ] MainWindowTest.Page1ButtonClick
qt.qpa.fonts: Populating font family aliases took 9 ms. Replace uses of missing font family "Montserrat" with one that exists to avoid this cost. 
[       OK ] MainWindowTest.Page1ButtonClick (46 ms)
[----------] 2 tests from MainWindowTest (445 ms total)

[----------] Global test environment tear-down
[==========] 2 tests from 1 test suite ran. (445 ms total)
[  PASSED  ] 2 tests.
<end of output>
Test time =   0.79 sec
----------------------------------------------------------
Test Passed.
"runTests" end time: Jun 01 20:06 MSK
"runTests" time elapsed: 00:00:00
----------------------------------------------------------

End testing: Jun 01 20:06 MSK
