<?xml version="1.0" encoding="UTF-8"?>
<Site BuildName="(empty)"
	BuildStamp="20240601-1620-Experimental"
	Name="(empty)"
	Generator="ctest-3.28.3"
	CompilerName=""
	CompilerVersion=""
	OSName="macOS"
	Hostname="eeleexxs-MacBook-Air.local"
	OSRelease="14.4.1"
	OSVersion="23E224"
	OSPlatform="arm64"
	Is64Bits="1"
	VendorString="IBM"
	VendorID="IBM"
	FamilyID="16777228"
	ModelID="2"
	ProcessorCacheSize="131072"
	NumberOfLogicalCPU="8"
	NumberOfPhysicalCPU="8"
	TotalVirtualMemory="0"
	TotalPhysicalMemory="8192"
	LogicalProcessorsPerPhysical="8"
	ProcessorClockFrequency="0"
	>
	<Testing>
		<StartDateTime>Jun 01 20:05 MSK</StartDateTime>
		<StartTestTime>1717261504</StartTestTime>
		<TestList/>
		<EndDateTime>Jun 01 20:05 MSK</EndDateTime>
		<EndTestTime>1717261504</EndTestTime>
		<ElapsedMinutes>0</ElapsedMinutes>
	</Testing>
</Site>
